Determining if the pthread_create exist failed with the following output:
Change Dir: /home/zy/Downloads/HW4/imlsMatcherProject/src/champion_nav_msgs/build/CMakeFiles/CMakeTmp

Run Build Command:"/usr/bin/make" "cmTC_5c3de/fast"
/usr/bin/make -f CMakeFiles/cmTC_5c3de.dir/build.make CMakeFiles/cmTC_5c3de.dir/build
make[1]: Entering directory '/home/zy/Downloads/HW4/imlsMatcherProject/src/champion_nav_msgs/build/CMakeFiles/CMakeTmp'
Building C object CMakeFiles/cmTC_5c3de.dir/CheckSymbolExists.c.o
/usr/bin/cc    -o CMakeFiles/cmTC_5c3de.dir/CheckSymbolExists.c.o   -c /home/zy/Downloads/HW4/imlsMatcherProject/src/champion_nav_msgs/build/CMakeFiles/CMakeTmp/CheckSymbolExists.c
Linking C executable cmTC_5c3de
/usr/bin/cmake -E cmake_link_script CMakeFiles/cmTC_5c3de.dir/link.txt --verbose=1
/usr/bin/cc      -rdynamic CMakeFiles/cmTC_5c3de.dir/CheckSymbolExists.c.o  -o cmTC_5c3de 
CMakeFiles/cmTC_5c3de.dir/CheckSymbolExists.c.o: In function `main':
CheckSymbolExists.c:(.text+0x1b): undefined reference to `pthread_create'
collect2: error: ld returned 1 exit status
CMakeFiles/cmTC_5c3de.dir/build.make:97: recipe for target 'cmTC_5c3de' failed
make[1]: *** [cmTC_5c3de] Error 1
make[1]: Leaving directory '/home/zy/Downloads/HW4/imlsMatcherProject/src/champion_nav_msgs/build/CMakeFiles/CMakeTmp'
Makefile:126: recipe for target 'cmTC_5c3de/fast' failed
make: *** [cmTC_5c3de/fast] Error 2

File /home/zy/Downloads/HW4/imlsMatcherProject/src/champion_nav_msgs/build/CMakeFiles/CMakeTmp/CheckSymbolExists.c:
/* */
#include <pthread.h>

int main(int argc, char** argv)
{
  (void)argv;
#ifndef pthread_create
  return ((int*)(&pthread_create))[argc];
#else
  (void)argc;
  return 0;
#endif
}

Determining if the function pthread_create exists in the pthreads failed with the following output:
Change Dir: /home/zy/Downloads/HW4/imlsMatcherProject/src/champion_nav_msgs/build/CMakeFiles/CMakeTmp

Run Build Command:"/usr/bin/make" "cmTC_6af5e/fast"
/usr/bin/make -f CMakeFiles/cmTC_6af5e.dir/build.make CMakeFiles/cmTC_6af5e.dir/build
make[1]: Entering directory '/home/zy/Downloads/HW4/imlsMatcherProject/src/champion_nav_msgs/build/CMakeFiles/CMakeTmp'
Building C object CMakeFiles/cmTC_6af5e.dir/CheckFunctionExists.c.o
/usr/bin/cc   -DCHECK_FUNCTION_EXISTS=pthread_create   -o CMakeFiles/cmTC_6af5e.dir/CheckFunctionExists.c.o   -c /usr/share/cmake-3.10/Modules/CheckFunctionExists.c
Linking C executable cmTC_6af5e
/usr/bin/cmake -E cmake_link_script CMakeFiles/cmTC_6af5e.dir/link.txt --verbose=1
/usr/bin/cc  -DCHECK_FUNCTION_EXISTS=pthread_create    -rdynamic CMakeFiles/cmTC_6af5e.dir/CheckFunctionExists.c.o  -o cmTC_6af5e -lpthreads 
/usr/bin/ld: cannot find -lpthreads
collect2: error: ld returned 1 exit status
CMakeFiles/cmTC_6af5e.dir/build.make:97: recipe for target 'cmTC_6af5e' failed
make[1]: *** [cmTC_6af5e] Error 1
make[1]: Leaving directory '/home/zy/Downloads/HW4/imlsMatcherProject/src/champion_nav_msgs/build/CMakeFiles/CMakeTmp'
Makefile:126: recipe for target 'cmTC_6af5e/fast' failed
make: *** [cmTC_6af5e/fast] Error 2


